Determining if the pthread_create exist failed with the following output:
Change Dir: /home/team13/team13project/build/CMakeFiles/CMakeTmp

Run Build Command:/usr/bin/make "cmTryCompileExec621764937/fast"
/usr/bin/make -f CMakeFiles/cmTryCompileExec621764937.dir/build.make CMakeFiles/cmTryCompileExec621764937.dir/build
make[1]: Entering directory `/home/team13/team13project/build/CMakeFiles/CMakeTmp'
/usr/bin/cmake -E cmake_progress_report /home/team13/team13project/build/CMakeFiles/CMakeTmp/CMakeFiles 1
Building C object CMakeFiles/cmTryCompileExec621764937.dir/CheckSymbolExists.c.o
/usr/bin/cc    -o CMakeFiles/cmTryCompileExec621764937.dir/CheckSymbolExists.c.o   -c /home/team13/team13project/build/CMakeFiles/CMakeTmp/CheckSymbolExists.c
Linking C executable cmTryCompileExec621764937
/usr/bin/cmake -E cmake_link_script CMakeFiles/cmTryCompileExec621764937.dir/link.txt --verbose=1
/usr/bin/cc       CMakeFiles/cmTryCompileExec621764937.dir/CheckSymbolExists.c.o  -o cmTryCompileExec621764937 -rdynamic 
CMakeFiles/cmTryCompileExec621764937.dir/CheckSymbolExists.c.o: In function `main':
CheckSymbolExists.c:(.text+0x16): undefined reference to `pthread_create'
collect2: error: ld returned 1 exit status
make[1]: *** [cmTryCompileExec621764937] Error 1
make[1]: Leaving directory `/home/team13/team13project/build/CMakeFiles/CMakeTmp'
make: *** [cmTryCompileExec621764937/fast] Error 2

File /home/team13/team13project/build/CMakeFiles/CMakeTmp/CheckSymbolExists.c:
/* */
#include <pthread.h>

int main(int argc, char** argv)
{
  (void)argv;
#ifndef pthread_create
  return ((int*)(&pthread_create))[argc];
#else
  (void)argc;
  return 0;
#endif
}

Determining if the function pthread_create exists in the pthreads failed with the following output:
Change Dir: /home/team13/team13project/build/CMakeFiles/CMakeTmp

Run Build Command:/usr/bin/make "cmTryCompileExec2843948972/fast"
/usr/bin/make -f CMakeFiles/cmTryCompileExec2843948972.dir/build.make CMakeFiles/cmTryCompileExec2843948972.dir/build
make[1]: Entering directory `/home/team13/team13project/build/CMakeFiles/CMakeTmp'
/usr/bin/cmake -E cmake_progress_report /home/team13/team13project/build/CMakeFiles/CMakeTmp/CMakeFiles 1
Building C object CMakeFiles/cmTryCompileExec2843948972.dir/CheckFunctionExists.c.o
/usr/bin/cc   -DCHECK_FUNCTION_EXISTS=pthread_create   -o CMakeFiles/cmTryCompileExec2843948972.dir/CheckFunctionExists.c.o   -c /usr/share/cmake-2.8/Modules/CheckFunctionExists.c
Linking C executable cmTryCompileExec2843948972
/usr/bin/cmake -E cmake_link_script CMakeFiles/cmTryCompileExec2843948972.dir/link.txt --verbose=1
/usr/bin/cc   -DCHECK_FUNCTION_EXISTS=pthread_create    CMakeFiles/cmTryCompileExec2843948972.dir/CheckFunctionExists.c.o  -o cmTryCompileExec2843948972 -rdynamic -lpthreads 
/usr/bin/ld: cannot find -lpthreads
collect2: error: ld returned 1 exit status
make[1]: Leaving directory `/home/team13/team13project/build/CMakeFiles/CMakeTmp'
make[1]: *** [cmTryCompileExec2843948972] Error 1
make: *** [cmTryCompileExec2843948972/fast] Error 2


